<?xml version="1.0" encoding="utf-8"?><testsuites name="pytest tests"><testsuite name="pytest" errors="0" failures="0" skipped="0" tests="13" time="102.037" timestamp="2026-04-16T11:13:42.230527+00:00" hostname="agent-env-ed7baa04-5d17-46b8-be6e-257ea127654e"><testcase classname="backend.tests.test_legal_system.TestHealthAndSeed" name="test_api_root" time="2.428" /><testcase classname="backend.tests.test_legal_system.TestHealthAndSeed" name="test_get_judges_returns_6" time="0.166" /><testcase classname="backend.tests.test_legal_system.TestHealthAndSeed" name="test_get_laws_returns_15" time="0.167" /><testcase classname="backend.tests.test_legal_system.TestHealthAndSeed" name="test_get_judges_fields" time="0.135" /><testcase classname="backend.tests.test_legal_system.TestCaseCRUD" name="test_create_case" time="0.125" /><testcase classname="backend.tests.test_legal_system.TestCaseCRUD" name="test_get_case_by_id" time="0.153" /><testcase classname="backend.tests.test_legal_system.TestCaseCRUD" name="test_get_cases_list" time="0.105" /><testcase classname="backend.tests.test_legal_system.TestCaseCRUD" name="test_get_case_not_found" time="0.152" /><testcase classname="backend.tests.test_legal_system.TestAnalysis" name="test_get_analysis_existing_case" time="0.114" /><testcase classname="backend.tests.test_legal_system.TestAnalysis" name="test_start_analysis" time="59.640" /><testcase classname="backend.tests.test_legal_system.TestAnalysis" name="test_analysis_members_structure" time="32.663" /><testcase classname="backend.tests.test_legal_system.TestAnalysis" name="test_analyze_nonexistent_case" time="5.862" /><testcase classname="backend.tests.test_legal_system.TestAnalysis" name="test_laws_filter_by_case_type" time="0.183" /></testsuite></testsuites>