<?xml version="1.0" encoding="utf-8"?><testsuites name="pytest tests"><testsuite name="pytest" errors="0" failures="0" skipped="0" tests="11" time="90.469" timestamp="2026-04-16T13:21:58.422240+00:00" hostname="agent-env-82536a68-e542-42fd-9d85-dd27af2266a1"><testcase classname="backend.tests.test_legal_system.TestHealthAndSeed" name="test_api_root" time="48.876" /><testcase classname="backend.tests.test_legal_system.TestHealthAndSeed" name="test_get_judges_returns_6" time="37.440" /><testcase classname="backend.tests.test_legal_system.TestHealthAndSeed" name="test_get_laws_returns_15" time="2.199" /><testcase classname="backend.tests.test_legal_system.TestHealthAndSeed" name="test_get_judges_fields" time="0.186" /><testcase classname="backend.tests.test_legal_system.TestCaseCRUD" name="test_create_case" time="0.259" /><testcase classname="backend.tests.test_legal_system.TestCaseCRUD" name="test_get_case_by_id" time="0.133" /><testcase classname="backend.tests.test_legal_system.TestCaseCRUD" name="test_get_cases_list" time="0.275" /><testcase classname="backend.tests.test_legal_system.TestCaseCRUD" name="test_get_case_not_found" time="0.601" /><testcase classname="backend.tests.test_legal_system.TestAnalysis" name="test_get_analysis_existing_case" time="0.191" /><testcase classname="backend.tests.test_legal_system.TestAnalysis" name="test_analysis_members_structure" time="0.122" /><testcase classname="backend.tests.test_legal_system.TestAnalysis" name="test_laws_filter_by_case_type" time="0.114" /></testsuite></testsuites>