<?xml version="1.0" encoding="utf-8"?><testsuites name="pytest tests"><testsuite name="pytest" errors="0" failures="0" skipped="0" tests="12" time="1.681" timestamp="2026-04-16T14:02:31.900955+00:00" hostname="agent-env-82536a68-e542-42fd-9d85-dd27af2266a1"><testcase classname="backend.tests.test_case_map.TestCaseMapEndpoint" name="test_cases_by_state_returns_200" time="0.145" /><testcase classname="backend.tests.test_case_map.TestCaseMapEndpoint" name="test_cases_by_state_returns_states_object" time="0.139" /><testcase classname="backend.tests.test_case_map.TestCaseMapEndpoint" name="test_delhi_has_cases" time="0.120" /><testcase classname="backend.tests.test_case_map.TestCaseMapEndpoint" name="test_case_structure_filed_cases" time="0.117" /><testcase classname="backend.tests.test_case_map.TestCaseMapEndpoint" name="test_case_structure_similar_cases" time="0.117" /><testcase classname="backend.tests.test_case_map.TestCaseMapEndpoint" name="test_state_names_are_valid_indian_states" time="0.105" /><testcase classname="backend.tests.test_case_map.TestCaseMapEndpoint" name="test_no_duplicate_cases_per_state" time="0.120" /><testcase classname="backend.tests.test_case_map.TestExistingEndpoints" name="test_root_endpoint" time="0.131" /><testcase classname="backend.tests.test_case_map.TestExistingEndpoints" name="test_cases_list_endpoint" time="0.129" /><testcase classname="backend.tests.test_case_map.TestExistingEndpoints" name="test_judges_endpoint" time="0.124" /><testcase classname="backend.tests.test_case_map.TestExistingEndpoints" name="test_laws_endpoint" time="0.109" /><testcase classname="backend.tests.test_case_map.TestExistingEndpoints" name="test_case_by_id_route_order" time="0.258" /></testsuite></testsuites>