<?xml version="1.0" encoding="utf-8"?><testsuites name="pytest tests"><testsuite name="pytest" errors="0" failures="1" skipped="0" tests="13" time="101.796" timestamp="2026-04-16T11:32:48.879258+00:00" hostname="agent-env-ed7baa04-5d17-46b8-be6e-257ea127654e"><testcase classname="test_legal_system.TestHealthAndSeed" name="test_api_root" time="0.147" /><testcase classname="test_legal_system.TestHealthAndSeed" name="test_get_judges_returns_6" time="0.143" /><testcase classname="test_legal_system.TestHealthAndSeed" name="test_get_laws_returns_15" time="0.134" /><testcase classname="test_legal_system.TestHealthAndSeed" name="test_get_judges_fields" time="0.173" /><testcase classname="test_legal_system.TestCaseCRUD" name="test_create_case" time="0.109" /><testcase classname="test_legal_system.TestCaseCRUD" name="test_get_case_by_id" time="0.151" /><testcase classname="test_legal_system.TestCaseCRUD" name="test_get_cases_list" time="0.110" /><testcase classname="test_legal_system.TestCaseCRUD" name="test_get_case_not_found" time="0.142" /><testcase classname="test_legal_system.TestAnalysis" name="test_get_analysis_existing_case" time="0.102" /><testcase classname="test_legal_system.TestAnalysis" name="test_start_analysis" time="60.411"><failure message="assert 502 == 200&#10; +  where 502 = &lt;Response [502]&gt;.status_code">test_legal_system.py:118: in test_start_analysis
    assert analysis_res.status_code == 200
E   assert 502 == 200
E    +  where 502 = &lt;Response [502]&gt;.status_code</failure></testcase><testcase classname="test_legal_system.TestAnalysis" name="test_analysis_members_structure" time="6.514" /><testcase classname="test_legal_system.TestAnalysis" name="test_analyze_nonexistent_case" time="33.410" /><testcase classname="test_legal_system.TestAnalysis" name="test_laws_filter_by_case_type" time="0.165" /></testsuite></testsuites>