<?xml version="1.0" encoding="utf-8"?><testsuites name="pytest tests"><testsuite name="pytest" errors="0" failures="0" skipped="0" tests="13" time="1.925" timestamp="2026-04-16T12:52:40.784996+00:00" hostname="agent-env-ed7baa04-5d17-46b8-be6e-257ea127654e"><testcase classname="backend.tests.test_judge_profile_integration.TestJudgesAPI" name="test_get_judges_returns_6" time="0.164" /><testcase classname="backend.tests.test_judge_profile_integration.TestJudgesAPI" name="test_judges_have_required_fields" time="0.120" /><testcase classname="backend.tests.test_judge_profile_integration.TestJudgesAPI" name="test_judges_includes_hemant_gupta" time="0.119" /><testcase classname="backend.tests.test_judge_profile_integration.TestJudgesAPI" name="test_judges_includes_arun_kumar_mishra" time="0.111" /><testcase classname="backend.tests.test_judge_profile_integration.TestJudgesAPI" name="test_judge_has_report_card_and_bias" time="0.122" /><testcase classname="backend.tests.test_judge_profile_integration.TestJudgeProfileSnapshot" name="test_preseeded_case_has_judge_snapshot" time="0.156" /><testcase classname="backend.tests.test_judge_profile_integration.TestJudgeProfileSnapshot" name="test_snapshot_has_correct_judge_name" time="0.165" /><testcase classname="backend.tests.test_judge_profile_integration.TestJudgeProfileSnapshot" name="test_snapshot_has_required_fields" time="0.126" /><testcase classname="backend.tests.test_judge_profile_integration.TestJudgeProfileSnapshot" name="test_snapshot_report_card_overall" time="0.131" /><testcase classname="backend.tests.test_judge_profile_integration.TestJudgeProfileSnapshot" name="test_snapshot_temporal_patterns" time="0.128" /><testcase classname="backend.tests.test_judge_profile_integration.TestJudgeProfileSnapshot" name="test_snapshot_bias_score_74" time="0.123" /><testcase classname="backend.tests.test_judge_profile_integration.TestJudgeProfileSnapshot" name="test_case_without_judge_no_snapshot" time="0.183" /><testcase classname="backend.tests.test_judge_profile_integration.TestNewCaseWithJudge" name="test_create_case_with_judge_name" time="0.127" /></testsuite></testsuites>