<?xml version="1.0" encoding="utf-8"?><testsuites name="pytest tests"><testsuite name="pytest" errors="0" failures="4" skipped="0" tests="12" time="255.590" timestamp="2026-04-16T19:23:03.569827+00:00" hostname="agent-env-56365e53-4bbd-4d4e-b91d-77cd3373c5cd"><testcase classname="tests.test_inlegal_bert.TestInLegalBERTServiceAvailability" name="test_api_root_accessible" time="60.332"><failure message="assert 502 == 200&#10; +  where 502 = &lt;Response [502]&gt;.status_code">tests/test_inlegal_bert.py:19: in test_api_root_accessible
    assert res.status_code == 200
E   assert 502 == 200
E    +  where 502 = &lt;Response [502]&gt;.status_code</failure></testcase><testcase classname="tests.test_inlegal_bert.TestInLegalBERTServiceAvailability" name="test_cases_endpoint_accessible" time="12.895" /><testcase classname="tests.test_inlegal_bert.TestInLegalBERTServiceAvailability" name="test_laws_endpoint_accessible" time="60.141"><failure message="assert 502 == 200&#10; +  where 502 = &lt;Response [502]&gt;.status_code">tests/test_inlegal_bert.py:35: in test_laws_endpoint_accessible
    assert res.status_code == 200
E   assert 502 == 200
E    +  where 502 = &lt;Response [502]&gt;.status_code</failure></testcase><testcase classname="tests.test_inlegal_bert.TestExistingAnalysisWithBERT" name="test_get_existing_analysis" time="60.235"><failure message="assert 502 == 200&#10; +  where 502 = &lt;Response [502]&gt;.status_code">tests/test_inlegal_bert.py:141: in test_get_existing_analysis
    assert res.status_code == 200
E   assert 502 == 200
E    +  where 502 = &lt;Response [502]&gt;.status_code</failure></testcase><testcase classname="tests.test_inlegal_bert.TestExistingAnalysisWithBERT" name="test_existing_analysis_has_similar_cases" time="60.165"><failure message="assert 502 == 200&#10; +  where 502 = &lt;Response [502]&gt;.status_code">tests/test_inlegal_bert.py:153: in test_existing_analysis_has_similar_cases
    assert res.status_code == 200
E   assert 502 == 200
E    +  where 502 = &lt;Response [502]&gt;.status_code</failure></testcase><testcase classname="tests.test_inlegal_bert.TestExistingAnalysisWithBERT" name="test_existing_analysis_has_relevant_laws" time="0.801" /><testcase classname="tests.test_inlegal_bert.TestMongoDBIntegration" name="test_cases_collection_accessible" time="0.161" /><testcase classname="tests.test_inlegal_bert.TestMongoDBIntegration" name="test_laws_collection_accessible" time="0.156" /><testcase classname="tests.test_inlegal_bert.TestMongoDBIntegration" name="test_analyses_collection_accessible" time="0.166" /><testcase classname="tests.test_inlegal_bert.TestLLMCouncilWithBERTEnhancement" name="test_council_members_structure" time="0.123" /><testcase classname="tests.test_inlegal_bert.TestLLMCouncilWithBERTEnhancement" name="test_cross_reviews_structure" time="0.152" /><testcase classname="tests.test_inlegal_bert.TestLLMCouncilWithBERTEnhancement" name="test_chief_justice_synthesis" time="0.147" /></testsuite></testsuites>